<?xml version="1.0" encoding="UTF-8"?>
<!-- Generated by org.testng.reporters.JUnitXMLReporter -->
<testsuite ignored="0" hostname="LAPTOP-LIPV6VKP" failures="3" tests="3" name="Surefire test" time="0.036" errors="0" timestamp="2024-02-03T16:48:41 IST">
  <testcase classname="com.Test.LoginTest" name="verifylogin" time="0.0">
    <failure type="org.testng.TestNGException" message="
Parameter &amp;apos;Email&amp;apos; is required by @Test on method verifylogin but has not been marked @Optional or defined
">
      <![CDATA[org.testng.TestNGException: 
Parameter 'Email' is required by @Test on method verifylogin but has not been marked @Optional or defined

at java.base/java.util.ArrayList.forEach(ArrayList.java:1511)
... Removed 31 stack frames]]>
    </failure>
  </testcase> <!-- verifylogin -->
  <testcase classname="com.Test.LoginTest" name="bookmodule" time="0.0">
    <failure type="org.testng.TestNGException" message="
Parameter &amp;apos;Email&amp;apos; is required by @Test on method bookmodule but has not been marked @Optional or defined
">
      <![CDATA[org.testng.TestNGException: 
Parameter 'Email' is required by @Test on method bookmodule but has not been marked @Optional or defined

at java.base/java.util.ArrayList.forEach(ArrayList.java:1511)
... Removed 31 stack frames]]>
    </failure>
  </testcase> <!-- bookmodule -->
  <testcase classname="com.Test.LoginTest" name="desktopmodule" time="0.0">
    <failure type="org.testng.TestNGException" message="
Parameter &amp;apos;Email&amp;apos; is required by @Test on method desktopmodule but has not been marked @Optional or defined
">
      <![CDATA[org.testng.TestNGException: 
Parameter 'Email' is required by @Test on method desktopmodule but has not been marked @Optional or defined

at java.base/java.util.ArrayList.forEach(ArrayList.java:1511)
... Removed 31 stack frames]]>
    </failure>
  </testcase> <!-- desktopmodule -->
</testsuite> <!-- Surefire test -->
